<?xml version="1.0" encoding="UTF-8"?>
<testng-results skipped="0" failed="0" ignored="0" total="1" passed="1">
  <reporter-output>
  </reporter-output>
  <suite name="Amazon Test Automation Script" duration-ms="44717" started-at="2020-04-16T03:18:44Z" finished-at="2020-04-16T03:19:29Z">
    <groups>
    </groups>
    <test name="Amazon Home" duration-ms="44717" started-at="2020-04-16T03:18:44Z" finished-at="2020-04-16T03:19:29Z">
      <class name="search.TestSearch">
        <test-method status="PASS" signature="setUp()[pri:0, instance:search.TestSearch@4cb2c100]" name="setUp" is-config="true" duration-ms="21242" started-at="2020-04-16T03:18:44Z" finished-at="2020-04-16T03:19:05Z">
          <reporter-output>
          </reporter-output>
        </test-method> <!-- setUp -->
        <test-method status="PASS" signature="testTypingOnSearchBox()[pri:0, instance:search.TestSearch@4cb2c100]" name="testTypingOnSearchBox" duration-ms="18634" started-at="2020-04-16T03:19:05Z" finished-at="2020-04-16T03:19:24Z">
          <reporter-output>
          </reporter-output>
        </test-method> <!-- testTypingOnSearchBox -->
        <test-method status="PASS" signature="cleanUp()[pri:0, instance:search.TestSearch@4cb2c100]" name="cleanUp" is-config="true" duration-ms="4764" started-at="2020-04-16T03:19:24Z" finished-at="2020-04-16T03:19:29Z">
          <reporter-output>
          </reporter-output>
        </test-method> <!-- cleanUp -->
      </class> <!-- search.TestSearch -->
    </test> <!-- Amazon Home -->
  </suite> <!-- Amazon Test Automation Script -->
</testng-results>
